<?xml version="1.0" encoding="UTF-8"?>
<!-- Generated by org.testng.reporters.JUnitXMLReporter -->
<testsuite ignored="0" hostname="DESKTOP-AGUS0T5" failures="0" tests="3" name="Test" time="84.6" errors="0" timestamp="2023-07-18T18:14:10 IST">
  <testcase classname="mavencommands.Ajio" name="openAjio" time="33.119"/>
  <testcase classname="mavencommands.Amazon" name="openAmazon" time="34.625"/>
  <testcase classname="mavencommands.Filipkart" name="openFilipkart" time="16.515"/>
</testsuite> <!-- Test -->
