<?xml version="1.0" encoding="UTF-8"?>
<!-- Generated by org.testng.reporters.JUnitXMLReporter -->
<testsuite ignored="0" hostname="DESKTOP-AGUS0T5" failures="0" tests="4" name="PersonalLoan" time="0.205" errors="0" timestamp="2022-11-18T11:07:04 IST">
  <testcase classname="testNGpractice.day1" name="Demo" time="0.024"/>
  <testcase classname="testNGpractice.day1" name="SecondDemo" time="0.004"/>
  <testcase classname="testNGpractice.day2" name="SecondDemo" time="0.01"/>
  <testcase classname="testNGpractice.day2" name="loan" time="0.012"/>
</testsuite> <!-- PersonalLoan -->
