<?xml version="1.0" encoding="UTF-8"?>
<testng-results ignored="0" total="1" passed="1" failed="0" skipped="0">
  <reporter-output>
  </reporter-output>
  <suite started-at="2023-09-03T20:39:00 IST" name="Default suite" finished-at="2023-09-03T20:39:11 IST" duration-ms="10641">
    <groups>
    </groups>
    <test started-at="2023-09-03T20:39:00 IST" name="Default test" finished-at="2023-09-03T20:39:11 IST" duration-ms="10641">
      <class name="Listner.Demo">
        <test-method signature="testOne()[pri:0, instance:Listner.Demo@534a5a98]" started-at="2023-09-03T20:39:00 IST" name="testOne" finished-at="2023-09-03T20:39:11 IST" duration-ms="10407" status="PASS">
          <reporter-output>
          </reporter-output>
        </test-method> <!-- testOne -->
      </class> <!-- Listner.Demo -->
    </test> <!-- Default test -->
  </suite> <!-- Default suite -->
</testng-results>
